This is e-upTeX, Version 3.141592653-p4.1.0-u1.29-230214-2.6 (utf8.sjis) (TeX Live 2023) (preloaded format=platex 2023.8.27)  15 SEP 2023 08:31
entering extended mode
 restricted \write18 enabled.
 %&-line parsing enabled.
**bushi.tex
(./bushi.tex
pLaTeX2e <2023-02-14>+1, based on
LaTeX2e <2023-06-01> patch level 1
L3 programming layer <2023-08-11>
(c:/texlive/2023/texmf-dist/tex/platex/jsclasses/jsarticle.cls
Document Class: jsarticle 2023/02/23 jsclasses (okumura, texjporg)
Class jsarticle Info: Autodetected engine: pLaTeX on input line 236.
\jsc@mpt=\dimen156
\jsc@mmm=\dimen157
\jsc@smallskipamount=\skip48
LaTeX Info: Redefining \textmc on input line 511.
LaTeX Info: Redefining \textgt on input line 513.
\symmincho=\mathgroup4
LaTeX Font Info:    Overwriting symbol font `mincho' in version `bold'
(Font)                  JY1/mc/m/n --> JY1/gt/m/n on input line 575.
LaTeX Font Info:    Font shape `JT1/mc/m/n' will be
(Font)              scaled to size 9.60999pt on input line 769.
LaTeX Font Info:    Font shape `JY1/mc/m/n' will be
(Font)              scaled to size 9.60999pt on input line 769.
\fullwidth=\dimen158
LaTeX Font Info:    Font shape `JT1/mc/m/n' will be
(Font)              scaled to size 7.68799pt on input line 922.
LaTeX Font Info:    Font shape `JY1/mc/m/n' will be
(Font)              scaled to size 7.68799pt on input line 922.
\c@part=\count184
\c@section=\count185
\c@subsection=\count186
\c@subsubsection=\count187
\c@paragraph=\count188
\c@subparagraph=\count189
\@abstractbox=\box68
\c@figure=\count190
\c@table=\count191
\abovecaptionskip=\skip49
\belowcaptionskip=\skip50
\jsc@tocl@width=\dimen159
\@lnumwidth=\dimen160
\bibindent=\dimen161
(c:/texlive/2023/texmf-dist/tex/platex/jsclasses/jslogo.sty
Package: jslogo 2019/07/25 okumura, texjporg
LaTeX Info: Redefining \TeX on input line 82.
LaTeX Info: Redefining \LaTeX on input line 135.
LaTeX Info: Redefining \LaTeXe on input line 188.
)
\heisei=\count192
)
(c:/texlive/2023/texmf-dist/tex/latex/amsmath/amsmath.sty
Package: amsmath 2023/05/13 v2.17o AMS math features
\@mathmargin=\skip51

For additional information on amsmath, use the `?' option.
(c:/texlive/2023/texmf-dist/tex/latex/amsmath/amstext.sty
Package: amstext 2021/08/26 v2.01 AMS text

(c:/texlive/2023/texmf-dist/tex/latex/amsmath/amsgen.sty
File: amsgen.sty 1999/11/30 v2.0 generic functions
\@emptytoks=\toks18
\ex@=\dimen162
))
(c:/texlive/2023/texmf-dist/tex/latex/amsmath/amsbsy.sty
Package: amsbsy 1999/11/29 v1.2d Bold Symbols
\pmbraise@=\dimen163
)
(c:/texlive/2023/texmf-dist/tex/latex/amsmath/amsopn.sty
Package: amsopn 2022/04/08 v2.04 operator names
)
\inf@bad=\count193
LaTeX Info: Redefining \frac on input line 234.
\uproot@=\count194
\leftroot@=\count195
LaTeX Info: Redefining \overline on input line 399.
LaTeX Info: Redefining \colon on input line 410.
\classnum@=\count196
\DOTSCASE@=\count197
LaTeX Info: Redefining \ldots on input line 496.
LaTeX Info: Redefining \dots on input line 499.
LaTeX Info: Redefining \cdots on input line 620.
\Mathstrutbox@=\box69
\strutbox@=\box70
LaTeX Info: Redefining \big on input line 722.
LaTeX Info: Redefining \Big on input line 723.
LaTeX Info: Redefining \bigg on input line 724.
LaTeX Info: Redefining \Bigg on input line 725.
\big@size=\dimen164
LaTeX Font Info:    Redeclaring font encoding OML on input line 743.
LaTeX Font Info:    Redeclaring font encoding OMS on input line 744.
\macc@depth=\count198
LaTeX Info: Redefining \bmod on input line 905.
LaTeX Info: Redefining \pmod on input line 910.
LaTeX Info: Redefining \smash on input line 940.
LaTeX Info: Redefining \relbar on input line 970.
LaTeX Info: Redefining \Relbar on input line 971.
\c@MaxMatrixCols=\count199
\dotsspace@=\muskip16
\c@parentequation=\count266
\dspbrk@lvl=\count267
\tag@help=\toks19
\row@=\count268
\column@=\count269
\maxfields@=\count270
\andhelp@=\toks20
\eqnshift@=\dimen165
\alignsep@=\dimen166
\tagshift@=\dimen167
\tagwidth@=\dimen168
\totwidth@=\dimen169
\lineht@=\dimen170
\@envbody=\toks21
\multlinegap=\skip52
\multlinetaggap=\skip53
\mathdisplay@stack=\toks22
LaTeX Info: Redefining \[ on input line 2953.
LaTeX Info: Redefining \] on input line 2954.
)
(c:/texlive/2023/texmf-dist/tex/latex/amsfonts/amsfonts.sty
Package: amsfonts 2013/01/14 v3.01 Basic AMSFonts support
\symAMSa=\mathgroup5
\symAMSb=\mathgroup6
LaTeX Font Info:    Redeclaring math symbol \hbar on input line 98.
LaTeX Font Info:    Overwriting math alphabet `\mathfrak' in version `bold'
(Font)                  U/euf/m/n --> U/euf/b/n on input line 106.
)
(c:/texlive/2023/texmf-dist/tex/latex/tools/bm.sty
Package: bm 2022/01/05 v1.2f Bold Symbol Support (DPC/FMi)
\symboldoperators=\mathgroup7
\symboldletters=\mathgroup8
\symboldsymbols=\mathgroup9
Package bm Info: No bold for \OMX/cmex/m/n, using \pmb.
\symboldmincho=\mathgroup10
Package bm Info: No bold for \U/msa/m/n, using \pmb.
Package bm Info: No bold for \U/msb/m/n, using \pmb.
LaTeX Font Info:    Redeclaring math alphabet \mathbf on input line 149.
)
(c:/texlive/2023/texmf-dist/tex/latex/graphics/graphicx.sty
Package: graphicx 2021/09/16 v1.2d Enhanced LaTeX Graphics (DPC,SPQR)

(c:/texlive/2023/texmf-dist/tex/latex/graphics/keyval.sty
Package: keyval 2022/05/29 v1.15 key=value parser (DPC)
\KV@toks@=\toks23
)
(c:/texlive/2023/texmf-dist/tex/latex/graphics/graphics.sty
Package: graphics 2022/03/10 v1.4e Standard LaTeX Graphics (DPC,SPQR)

(c:/texlive/2023/texmf-dist/tex/latex/graphics/trig.sty
Package: trig 2021/08/11 v1.11 sin cos tan (DPC)
)
(c:/texlive/2023/texmf-dist/tex/latex/graphics-cfg/graphics.cfg
File: graphics.cfg 2016/06/04 v1.11 sample graphics configuration
)
Package graphics Info: Driver file: dvipdfmx.def on input line 107.

(c:/texlive/2023/texmf-dist/tex/latex/graphics-def/dvipdfmx.def
File: dvipdfmx.def 2022/09/22 v5.0m Graphics/color driver for dvipdfmx
))
\Gin@req@height=\dimen171
\Gin@req@width=\dimen172
)
(c:/texlive/2023/texmf-dist/tex/latex/tools/multicol.sty
Package: multicol 2023/03/30 v1.9f multicolumn formatting (FMi)
\c@tracingmulticols=\count271
\mult@box=\box71
\multicol@leftmargin=\dimen173
\c@unbalance=\count272
\c@collectmore=\count273
\doublecol@number=\count274
\multicoltolerance=\count275
\multicolpretolerance=\count276
\full@width=\dimen174
\page@free=\dimen175
\premulticols=\dimen176
\postmulticols=\dimen177
\multicolsep=\skip54
\multicolbaselineskip=\skip55
\partial@page=\box72
\last@line=\box73
\mc@boxedresult=\box74
\maxbalancingoverflow=\dimen178
\mult@rightbox=\box75
\mult@grightbox=\box76
\mult@firstbox=\box77
\mult@gfirstbox=\box78
\@tempa=\box79
\@tempa=\box80
\@tempa=\box81
\@tempa=\box82
\@tempa=\box83
\@tempa=\box84
\@tempa=\box85
\@tempa=\box86
\@tempa=\box87
\@tempa=\box88
\@tempa=\box89
\@tempa=\box90
\@tempa=\box91
\@tempa=\box92
\@tempa=\box93
\@tempa=\box94
\@tempa=\box95
\@tempa=\box96
\@tempa=\box97
\@tempa=\box98
\@tempa=\box99
\@tempa=\box100
\@tempa=\box101
\@tempa=\box102
\@tempa=\box103
\@tempa=\box104
\@tempa=\box105
\@tempa=\box106
\@tempa=\box107
\@tempa=\box108
\@tempa=\box109
\@tempa=\box110
\@tempa=\box111
\@tempa=\box112
\@tempa=\box113
\@tempa=\box114
\c@minrows=\count277
\c@columnbadness=\count278
\c@finalcolumnbadness=\count279
\last@try=\dimen179
\multicolovershoot=\dimen180
\multicolundershoot=\dimen181
\mult@nat@firstbox=\box115
\colbreak@box=\box116
\mc@col@check@num=\count280
)
(c:/texlive/2023/texmf-dist/tex/latex/tools/tabularx.sty
Package: tabularx 2020/01/15 v2.11c `tabularx' package (DPC)

(c:/texlive/2023/texmf-dist/tex/latex/tools/array.sty
Package: array 2022/09/04 v2.5g Tabular extension package (FMi)
\col@sep=\dimen182
\ar@mcellbox=\box117
\extrarowheight=\dimen183
\NC@list=\toks24
\extratabsurround=\skip56
\backup@length=\skip57
\ar@cellbox=\box118
)
\TX@col@width=\dimen184
\TX@old@table=\dimen185
\TX@old@col=\dimen186
\TX@target=\dimen187
\TX@delta=\dimen188
\TX@cols=\count281
\TX@ftn=\toks25
)
(c:/texlive/2023/texmf-dist/tex/latex/geometry/geometry.sty
Package: geometry 2020/01/02 v5.9 Page Geometry

(c:/texlive/2023/texmf-dist/tex/generic/iftex/ifvtex.sty
Package: ifvtex 2019/10/25 v1.7 ifvtex legacy package. Use iftex instead.

(c:/texlive/2023/texmf-dist/tex/generic/iftex/iftex.sty
Package: iftex 2022/02/03 v1.0f TeX engine tests
))
\Gm@cnth=\count282
\Gm@cntv=\count283
\c@Gm@tempcnt=\count284
\Gm@bindingoffset=\dimen189
\Gm@wd@mp=\dimen190
\Gm@odd@mp=\dimen191
\Gm@even@mp=\dimen192
\Gm@layoutwidth=\dimen193
\Gm@layoutheight=\dimen194
\Gm@layouthoffset=\dimen195
\Gm@layoutvoffset=\dimen196
\Gm@dimlist=\toks26
)
(c:/texlive/2023/texmf-dist/tex/generic/ulem/ulem.sty
\UL@box=\box119
\UL@hyphenbox=\box120
\UL@skip=\skip58
\UL@hook=\toks27
\UL@height=\dimen197
\UL@pe=\count285
\UL@pixel=\dimen198
\ULC@box=\box121
Package: ulem 2019/11/18
\ULdepth=\dimen199
)
(c:/texlive/2023/texmf-dist/tex/latex/ascmac/ascmac.sty
Package: ascmac 2020/01/15 v2.1 ascmac wrapper (community edition) 

(c:/texlive/2023/texmf-dist/tex/latex/ascmac/tascmac.sty
Package: tascmac 2020/01/15 v2.1 ascmac package (community edition) 
\@savetbaselineshift=\dimen256
\@saveybaselineshift=\dimen257
\scb@x=\box122
\scscb@x=\box123
\@bw=\dimen258
\@nbox=\box124
\@nbody=\box125
\@scw=\dimen259
\ascmac@hoboxa=\box126
\ascmac@hoboxb=\box127
\@itemh=\dimen260
\@iboxpos=\toks28
\@iboxstr=\box128
\@bwsp=\box129
\@@bwsp=\box130
\@bcal=\count286
\shaderule=\dimen261
))
(c:/texlive/2023/texmf-dist/tex/latex/listings/listings.sty
\lst@mode=\count287
\lst@gtempboxa=\box131
\lst@token=\toks29
\lst@length=\count288
\lst@currlwidth=\dimen262
\lst@column=\count289
\lst@pos=\count290
\lst@lostspace=\dimen263
\lst@width=\dimen264
\lst@newlines=\count291
\lst@lineno=\count292
\lst@maxwidth=\dimen265

(c:/texlive/2023/texmf-dist/tex/latex/listings/lstmisc.sty
File: lstmisc.sty 2023/02/27 1.9 (Carsten Heinz)
\c@lstnumber=\count293
\lst@skipnumbers=\count294
\lst@framebox=\box132
)
(c:/texlive/2023/texmf-dist/tex/latex/listings/listings.cfg
File: listings.cfg 2023/02/27 1.9 listings configuration
))
Package: listings 2023/02/27 1.9 (Carsten Heinz)

(c:/texlive/2023/texmf-dist/tex/latex/jvlisting/jvlisting.sty
Package: jvlisting 2011/11/17 v0.7 Formatted Program Listings
\jvl@idt=\count295
\jvl@tmphyphenchar=\count296
\jvl@fileinput=\read2
\listingskipamount=\skip59
\listingindent=\dimen266
\prelistingpenalty=\count297
\listingpenalty=\count298
\postlistingpenalty=\count299
) (./jlisting.sty
Package: jlisting 2006/02/20 0.2 (Thor)
\lst@nextchar=\count300
\lst@inputfile=\read3
) (c:/texlive/2023/texmf-dist/tex/latex/l3backend/l3backend-dvips.def
File: l3backend-dvips.def 2023-04-19 L3 backend support: dvips
\l__pdf_internal_box=\box133
\g__pdf_backend_object_int=\count301
\l__pdf_backend_content_box=\box134
\l__pdf_backend_model_box=\box135
\g__pdf_backend_annotation_int=\count302
\g__pdf_backend_link_int=\count303
\g__pdf_backend_link_sf_int=\count304
)
(./bushi.aux)
\openout1 = `bushi.aux'.

LaTeX Font Info:    Checking defaults for OML/cmm/m/it on input line 57.
LaTeX Font Info:    ... okay on input line 57.
LaTeX Font Info:    Checking defaults for OMS/cmsy/m/n on input line 57.
LaTeX Font Info:    ... okay on input line 57.
LaTeX Font Info:    Checking defaults for OT1/cmr/m/n on input line 57.
LaTeX Font Info:    ... okay on input line 57.
LaTeX Font Info:    Checking defaults for T1/cmr/m/n on input line 57.
LaTeX Font Info:    ... okay on input line 57.
LaTeX Font Info:    Checking defaults for TS1/cmr/m/n on input line 57.
LaTeX Font Info:    ... okay on input line 57.
LaTeX Font Info:    Checking defaults for OMX/cmex/m/n on input line 57.
LaTeX Font Info:    ... okay on input line 57.
LaTeX Font Info:    Checking defaults for U/cmr/m/n on input line 57.
LaTeX Font Info:    ... okay on input line 57.
LaTeX Font Info:    Checking defaults for JY1/mc/m/n on input line 57.
LaTeX Font Info:    ... okay on input line 57.
LaTeX Font Info:    Checking defaults for JT1/mc/m/n on input line 57.
LaTeX Font Info:    ... okay on input line 57.

*geometry* driver: auto-detecting
*geometry* detected driver: dvips
*geometry* verbose mode - [ preamble ] result:
* driver: dvips
* paper: b5j
* layout: <same size as paper>
* layoutoffset:(h,v)=(0.0pt,0.0pt)
* modes: truedimen 
* h-part:(L,W,R)=(42.67912pt, 432.4819pt, 42.67912pt)
* v-part:(T,H,B)=(42.67912pt, 645.87758pt, 42.67912pt)
* \paperwidth=517.84015pt
* \paperheight=731.23582pt
* \textwidth=432.4819pt
* \textheight=645.87758pt
* \oddsidemargin=-29.59087pt
* \evensidemargin=-29.59087pt
* \topmargin=-61.45534pt
* \headheight=20.0pt
* \headsep=11.86447pt
* \topskip=12.76073pt
* \footskip=24.6252pt
* \marginparwidth=9.24687pt
* \marginparsep=18.49374pt
* \columnsep=18.49374pt
* \skip\footins=16.0pt plus 5.0pt minus 2.0pt
* \hoffset=0.0pt
* \voffset=0.0pt
* \mag=1000
* \@twocolumnfalse
* \@twosidefalse
* \@mparswitchfalse
* \@reversemarginfalse
* (1in=72.27pt=25.4mm, 1cm=28.453pt)

\c@lstlisting=\count305
LaTeX Font Info:    Font shape `JT1/mc/m/n' will be
(Font)              scaled to size 16.60605pt on input line 63.
LaTeX Font Info:    Font shape `JY1/mc/m/n' will be
(Font)              scaled to size 16.60605pt on input line 63.
LaTeX Font Info:    Font shape `JT1/mc/m/n' will be
(Font)              scaled to size 11.53198pt on input line 63.
LaTeX Font Info:    Font shape `JY1/mc/m/n' will be
(Font)              scaled to size 11.53198pt on input line 63.
LaTeX Font Info:    Font shape `JY1/mc/m/n' will be
(Font)              scaled to size 5.76599pt on input line 63.
LaTeX Font Info:    Trying to load font information for U+msa on input line 63.

(c:/texlive/2023/texmf-dist/tex/latex/amsfonts/umsa.fd
File: umsa.fd 2013/01/14 v3.01 AMS symbols A
)
LaTeX Font Info:    Trying to load font information for U+msb on input line 63.


(c:/texlive/2023/texmf-dist/tex/latex/amsfonts/umsb.fd
File: umsb.fd 2013/01/14 v3.01 AMS symbols B
)
LaTeX Font Info:    Font shape `JY1/gt/m/n' will be
(Font)              scaled to size 11.53198pt on input line 63.
LaTeX Font Info:    Font shape `JY1/gt/m/n' will be
(Font)              scaled to size 7.68799pt on input line 63.
LaTeX Font Info:    Font shape `JY1/gt/m/n' will be
(Font)              scaled to size 5.76599pt on input line 63.
LaTeX Font Info:    Font shape `JY1/mc/m/n' will be
(Font)              scaled to size 6.72699pt on input line 86.
LaTeX Font Info:    Font shape `JY1/mc/m/n' will be
(Font)              scaled to size 4.805pt on input line 86.
LaTeX Font Info:    Font shape `JY1/gt/m/n' will be
(Font)              scaled to size 9.60999pt on input line 86.
LaTeX Font Info:    Font shape `JY1/gt/m/n' will be
(Font)              scaled to size 6.72699pt on input line 86.
LaTeX Font Info:    Font shape `JY1/gt/m/n' will be
(Font)              scaled to size 4.805pt on input line 86.
LaTeX Font Info:    Font shape `JT1/mc/m/n' will be
(Font)              scaled to size 13.83836pt on input line 88.
LaTeX Font Info:    Font shape `JY1/mc/m/n' will be
(Font)              scaled to size 13.83836pt on input line 88.
LaTeX Font Info:    Font shape `JT1/gt/m/n' will be
(Font)              scaled to size 13.83836pt on input line 88.
LaTeX Font Info:    Font shape `JY1/gt/m/n' will be
(Font)              scaled to size 13.83836pt on input line 88.
LaTeX Font Info:    Font shape `JT1/gt/m/n' will be
(Font)              scaled to size 11.53198pt on input line 89.
File: editor.png Graphic file (type bmp)
<editor.png>
 [1

] [2]
File: images/motion_1.png Graphic file (type bmp)
<images/motion_1.png>
File: images/motion_2.png Graphic file (type bmp)
<images/motion_2.png>
File: images/motion_3.png Graphic file (type bmp)
<images/motion_3.png>
File: images/motion_4.png Graphic file (type bmp)
<images/motion_4.png>
File: images/motion_5.png Graphic file (type bmp)
<images/motion_5.png>
File: images/motion_6.png Graphic file (type bmp)
<images/motion_6.png>
File: images/motion_7.png Graphic file (type bmp)
<images/motion_7.png>
File: images/motion_8.png Graphic file (type bmp)
<images/motion_8.png>
File: images/motion_9.png Graphic file (type bmp)
<images/motion_9.png>
File: images/motion_10.png Graphic file (type bmp)
<images/motion_10.png>
File: images/motion_11.png Graphic file (type bmp)
<images/motion_11.png>
File: images/motion_12.png Graphic file (type bmp)
<images/motion_12.png>
File: images/motion_13.png Graphic file (type bmp)
<images/motion_13.png>
File: images/motion_14.png Graphic file (type bmp)
<images/motion_14.png>
File: images/motion_15.png Graphic file (type bmp)
<images/motion_15.png>
 [3]
File: images/motion_16.png Graphic file (type bmp)
<images/motion_16.png>
File: images/motion_17.png Graphic file (type bmp)
<images/motion_17.png>
File: images/motion_18.png Graphic file (type bmp)
<images/motion_18.png>
File: images/looks_1.png Graphic file (type bmp)
<images/looks_1.png>
File: images/looks_2.png Graphic file (type bmp)
<images/looks_2.png>
File: images/looks_3.png Graphic file (type bmp)
<images/looks_3.png>
File: images/looks_4.png Graphic file (type bmp)
<images/looks_4.png>
File: images/looks_5.png Graphic file (type bmp)
<images/looks_5.png>
File: images/looks_6.png Graphic file (type bmp)
<images/looks_6.png>
File: images/looks_7.png Graphic file (type bmp)
<images/looks_7.png>
File: images/looks_8.png Graphic file (type bmp)
<images/looks_8.png>
File: images/looks_9.png Graphic file (type bmp)
<images/looks_9.png>
File: images/looks_10.png Graphic file (type bmp)
<images/looks_10.png>
File: images/looks_11.png Graphic file (type bmp)
<images/looks_11.png>
File: images/looks_12.png Graphic file (type bmp)
<images/looks_12.png>
File: images/looks_13.png Graphic file (type bmp)
<images/looks_13.png>
 [4]
File: images/looks_14.png Graphic file (type bmp)
<images/looks_14.png>
File: images/looks_15.png Graphic file (type bmp)
<images/looks_15.png>
File: images/looks_16.png Graphic file (type bmp)
<images/looks_16.png>
File: images/looks_17.png Graphic file (type bmp)
<images/looks_17.png>
File: images/looks_18.png Graphic file (type bmp)
<images/looks_18.png>
File: images/looks_19.png Graphic file (type bmp)
<images/looks_19.png>
File: images/looks_20.png Graphic file (type bmp)
<images/looks_20.png>
File: images/sound_1.png Graphic file (type bmp)
<images/sound_1.png>
File: images/sound_2.png Graphic file (type bmp)
<images/sound_2.png>
File: images/sound_3.png Graphic file (type bmp)
<images/sound_3.png>
File: images/sound_4.png Graphic file (type bmp)
<images/sound_4.png>
File: images/sound_5.png Graphic file (type bmp)
<images/sound_5.png>
File: images/sound_6.png Graphic file (type bmp)
<images/sound_6.png>
File: images/sound_7.png Graphic file (type bmp)
<images/sound_7.png>
File: images/sound_8.png Graphic file (type bmp)
<images/sound_8.png>

[5]
File: images/sound_9.png Graphic file (type bmp)
<images/sound_9.png>
File: images/events_1.png Graphic file (type bmp)
<images/events_1.png>
File: images/events_2.png Graphic file (type bmp)
<images/events_2.png>
File: images/events_3.png Graphic file (type bmp)
<images/events_3.png>
File: images/events_4.png Graphic file (type bmp)
<images/events_4.png>
File: images/events_5.png Graphic file (type bmp)
<images/events_5.png>
File: images/events_6.png Graphic file (type bmp)
<images/events_6.png>
File: images/events_7.png Graphic file (type bmp)
<images/events_7.png>
File: images/events_8.png Graphic file (type bmp)
<images/events_8.png>
 [6]
File: images/control_1.png Graphic file (type bmp)
<images/control_1.png>
File: images/control_2.png Graphic file (type bmp)
<images/control_2.png>
File: images/control_3.png Graphic file (type bmp)
<images/control_3.png>
File: images/control_4.png Graphic file (type bmp)
<images/control_4.png>
File: images/control_5.png Graphic file (type bmp)
<images/control_5.png>
File: images/control_6.png Graphic file (type bmp)
<images/control_6.png>
File: images/control_7.png Graphic file (type bmp)
<images/control_7.png>
File: images/control_8.png Graphic file (type bmp)
<images/control_8.png>
File: images/control_9.png Graphic file (type bmp)
<images/control_9.png>
 [7]
File: images/control_10.png Graphic file (type bmp)
<images/control_10.png>
File: images/control_11.png Graphic file (type bmp)
<images/control_11.png>
File: images/sensing_1.png Graphic file (type bmp)
<images/sensing_1.png>
File: images/sensing_2.png Graphic file (type bmp)
<images/sensing_2.png>
File: images/sensing_3.png Graphic file (type bmp)
<images/sensing_3.png>
File: images/sensing_4.png Graphic file (type bmp)
<images/sensing_4.png>
File: images/sensing_5.png Graphic file (type bmp)
<images/sensing_5.png>
File: images/sensing_6.png Graphic file (type bmp)
<images/sensing_6.png>
File: images/sensing_7.png Graphic file (type bmp)
<images/sensing_7.png>
File: images/sensing_8.png Graphic file (type bmp)
<images/sensing_8.png>
File: images/sensing_9.png Graphic file (type bmp)
<images/sensing_9.png>
File: images/sensing_10.png Graphic file (type bmp)
<images/sensing_10.png>
 [8]
File: images/sensing_11.png Graphic file (type bmp)
<images/sensing_11.png>
File: images/sensing_12.png Graphic file (type bmp)
<images/sensing_12.png>
File: images/sensing_13.png Graphic file (type bmp)
<images/sensing_13.png>
File: images/sensing_14.png Graphic file (type bmp)
<images/sensing_14.png>
File: images/sensing_15.png Graphic file (type bmp)
<images/sensing_15.png>
File: images/sensing_16.png Graphic file (type bmp)
<images/sensing_16.png>
File: images/sensing_17.png Graphic file (type bmp)
<images/sensing_17.png>
File: images/sensing_18.png Graphic file (type bmp)
<images/sensing_18.png>
 [9] [10] [11] [12] [13]
File: images/teigi_2.png Graphic file (type bmp)
<images/teigi_2.png>

Overfull \hbox (1.97955pt too wide) in paragraph at lines 724--725
[][] 
 []

File: images/teigi_1.png Graphic file (type bmp)
<images/teigi_1.png>

Underfull \hbox (badness 10000) in paragraph at lines 725--730
[][]\OT1/cmr/m/n/10 (\JY1/mc/m/n/10 見
 []


Underfull \hbox (badness 10000) detected at line 732
[]$[]$[]
 []

LaTeX Font Info:    Font shape `JT1/mc/m/n' will be
(Font)              scaled to size 8.64899pt on input line 738.
LaTeX Font Info:    Font shape `JY1/mc/m/n' will be
(Font)              scaled to size 8.64899pt on input line 738.
LaTeX Font Info:    Font shape `JT1/mc/m/n' will be
(Font)              scaled to size 6.72699pt on input line 738.
LaTeX Font Info:    Font shape `JT1/gt/m/n' will be
(Font)              scaled to size 6.72699pt on input line 738.
[14] (./bushi.aux)
 ***********
pLaTeX2e <2023-02-14>+1, based on
LaTeX2e <2023-06-01> patch level 1
L3 programming layer <2023-08-11>
 ***********
 ) 
Here is how much of TeX's memory you used:
 5332 strings out of 475846
 81742 string characters out of 5782113
 1939084 words of memory out of 5000000
 26477 multiletter control sequences out of 15000+600000
 579052 words of font info for 131 fonts, out of 8000000 for 9000
 934 hyphenation exceptions out of 8191
 57i,6n,65p,809b,1296s stack positions out of 10000i,1000n,20000p,200000b,200000s

Output written on bushi.dvi (14 pages, 100812 bytes).
